  [1m[35m (3.1ms)[0m  [1m[35mCREATE TABLE "schema_migrations" ("version" varchar NOT NULL PRIMARY KEY)[0m
  [1m[35m (0.2ms)[0m  [1m[35mCREATE TABLE "ar_internal_metadata" ("key" varchar NOT NULL PRIMARY KEY, "value" varchar, "created_at" datetime(6) NOT NULL, "updated_at" datetime(6) NOT NULL)[0m
  [1m[36mActiveRecord::InternalMetadata Load (0.1ms)[0m  [1m[34mSELECT * FROM "ar_internal_metadata" WHERE "ar_internal_metadata"."key" = ? ORDER BY "ar_internal_metadata"."key" ASC LIMIT 1[0m  [[nil, "environment"]]
  [1m[36mActiveRecord::InternalMetadata Create (0.2ms)[0m  [1m[32mINSERT INTO "ar_internal_metadata" ("key", "value", "created_at", "updated_at") VALUES ('environment', 'development', '2024-03-05 09:37:46.070657', '2024-03-05 09:37:46.070660') RETURNING "key"[0m
  [1m[36mActiveRecord::SchemaMigration Load (0.1ms)[0m  [1m[34mSELECT "schema_migrations"."version" FROM "schema_migrations" ORDER BY "schema_migrations"."version" ASC[0m
Migrating to CreateHickwalls (20240305093553)
  [1m[36mTRANSACTION (0.0ms)[0m  [1m[36mbegin transaction[0m
  [1m[35m (0.8ms)[0m  [1m[35mCREATE TABLE "hickwalls" ("id" integer PRIMARY KEY AUTOINCREMENT NOT NULL, "last_squawk" varchar, "created_at" datetime(6) NOT NULL, "updated_at" datetime(6) NOT NULL)[0m
  [1m[36mActiveRecord::SchemaMigration Create (0.1ms)[0m  [1m[32mINSERT INTO "schema_migrations" ("version") VALUES ('20240305093553') RETURNING "version"[0m
  [1m[36mTRANSACTION (0.1ms)[0m  [1m[36mcommit transaction[0m
Migrating to CreateWickwalls (20240305093622)
  [1m[36mTRANSACTION (0.0ms)[0m  [1m[36mbegin transaction[0m
  [1m[35m (0.9ms)[0m  [1m[35mCREATE TABLE "wickwalls" ("id" integer PRIMARY KEY AUTOINCREMENT NOT NULL, "last_squawk" varchar, "last_tweet" varchar, "created_at" datetime(6) NOT NULL, "updated_at" datetime(6) NOT NULL)[0m
  [1m[36mActiveRecord::SchemaMigration Create (0.2ms)[0m  [1m[32mINSERT INTO "schema_migrations" ("version") VALUES ('20240305093622') RETURNING "version"[0m
  [1m[36mTRANSACTION (0.1ms)[0m  [1m[36mcommit transaction[0m
  [1m[36mActiveRecord::SchemaMigration Load (0.1ms)[0m  [1m[34mSELECT "schema_migrations"."version" FROM "schema_migrations" ORDER BY "schema_migrations"."version" ASC[0m
  [1m[36mWickwall Load (0.1ms)[0m  [1m[34mSELECT "wickwalls".* FROM "wickwalls" /* loading for pp */ LIMIT ?[0m  [["LIMIT", 11]]
  [1m[36mTRANSACTION (0.0ms)[0m  [1m[36mbegin transaction[0m
  [1m[36mWickwall Create (0.4ms)[0m  [1m[32mINSERT INTO "wickwalls" ("last_squawk", "last_tweet", "created_at", "updated_at") VALUES (?, ?, ?, ?) RETURNING "id"[0m  [["last_squawk", "xyz"], ["last_tweet", "wdqihifeh"], ["created_at", "2024-03-05 12:12:05.109427"], ["updated_at", "2024-03-05 12:12:05.109427"]]
  [1m[36mTRANSACTION (0.1ms)[0m  [1m[36mcommit transaction[0m
  [1m[36mTRANSACTION (0.2ms)[0m  [1m[36mbegin transaction[0m
  [1m[36mHickwall Create (1.4ms)[0m  [1m[32mINSERT INTO "hickwalls" ("last_squawk", "created_at", "updated_at") VALUES (?, ?, ?) RETURNING "id"[0m  [["last_squawk", "xyz"], ["created_at", "2024-03-05 12:12:56.642407"], ["updated_at", "2024-03-05 12:12:56.642407"]]
  [1m[36mTRANSACTION (0.5ms)[0m  [1m[36mcommit transaction[0m
  [1m[36mHickwall Load (0.2ms)[0m  [1m[34mSELECT "hickwalls".* FROM "hickwalls" /* loading for pp */ LIMIT ?[0m  [["LIMIT", 11]]
  [1m[36mWickwall Load (0.1ms)[0m  [1m[34mSELECT "wickwalls".* FROM "wickwalls" /* loading for pp */ LIMIT ?[0m  [["LIMIT", 11]]
  [1m[36mWickwall Load (0.3ms)[0m  [1m[34mSELECT "wickwalls".* FROM "wickwalls" /* loading for pp */ LIMIT ?[0m  [["LIMIT", 11]]
  [1m[36mHickwall Load (0.1ms)[0m  [1m[34mSELECT "hickwalls".* FROM "hickwalls" /* loading for pp */ LIMIT ?[0m  [["LIMIT", 11]]
